[debug] [2018-04-26T19:32:43.144Z] ----------------------------------------------------------------------
[debug] [2018-04-26T19:32:43.147Z] Command:       /usr/local/bin/node /usr/local/bin/firebase deploy
[debug] [2018-04-26T19:32:43.147Z] CLI Version:   3.17.4
[debug] [2018-04-26T19:32:43.147Z] Platform:      darwin
[debug] [2018-04-26T19:32:43.147Z] Node Version:  v9.6.0
[debug] [2018-04-26T19:32:43.147Z] Time:          Thu Apr 26 2018 15:32:43 GMT-0400 (EDT)
[debug] [2018-04-26T19:32:43.147Z] ----------------------------------------------------------------------
[debug] 
[debug] [2018-04-26T19:32:43.159Z] > command requires scopes: ["email","openid","https://www.googleapis.com/auth/cloudplatformprojects.readonly","https://www.googleapis.com/auth/firebase","https://www.googleapis.com/auth/cloud-platform"]
[debug] [2018-04-26T19:32:43.159Z] > authorizing via signed-in user
[debug] [2018-04-26T19:32:43.161Z] > refreshing access token with scopes: ["email","https://www.googleapis.com/auth/cloud-platform","https://www.googleapis.com/auth/cloudplatformprojects.readonly","https://www.googleapis.com/auth/firebase","openid"]
[debug] [2018-04-26T19:32:43.161Z] >>> HTTP REQUEST POST https://www.googleapis.com/oauth2/v3/token  
 { refresh_token: '1/bBc7q5S6a4Z7L5jAxhap8HpY-tTV6iafyrjmSGWW-3k',
  client_id: '563584335869-fgrhgmd47bqnekij5i8b5pr03ho849e6.apps.googleusercontent.com',
  client_secret: 'j9iVZfS8kkCEFUPaAeJV0sAi',
  grant_type: 'refresh_token',
  scope: 'email https://www.googleapis.com/auth/cloud-platform https://www.googleapis.com/auth/cloudplatformprojects.readonly https://www.googleapis.com/auth/firebase openid' } 
 Thu Apr 26 2018 15:32:43 GMT-0400 (EDT)
[debug] [2018-04-26T19:32:44.441Z] <<< HTTP RESPONSE 200
[debug] [2018-04-26T19:32:44.456Z] >>> HTTP REQUEST GET https://admin.firebase.com/v1/projects/agileprofessionalsconference  
  
 Thu Apr 26 2018 15:32:44 GMT-0400 (EDT)
